<?xml version="1.0" encoding="UTF-8"?>
<!-- Generated by org.testng.reporters.JUnitReportReporter -->
<testsuite hostname="shubham-PC" failures="0" tests="1" name="assertion.softassert" time="8.090" errors="0" timestamp="2022-07-20T21:09:39 IST" skipped="0">
  <testcase classname="assertion.softassert" name="titletest" time="8.090"/>
  <system-out/>
</testsuite> <!-- assertion.softassert -->
