<?xml version="1.0" encoding="UTF-8"?>
<!-- Generated by org.testng.reporters.JUnitReportReporter -->
<testsuite hostname="shubham-PC" failures="0" tests="1" name="test.Testng" time="0.037" errors="0" timestamp="2022-07-13T16:15:23 IST" skipped="0">
  <testcase classname="test.Testng" name="test" time="0.037"/>
  <system-out/>
</testsuite> <!-- test.Testng -->
