<?xml version="1.0" encoding="UTF-8"?>
<!-- Generated by org.testng.reporters.JUnitReportReporter -->
<testsuite hostname="shubham-PC" failures="0" tests="6" name="test.crossbrowser" time="91.287" errors="0" timestamp="2022-07-20T13:31:44 IST" skipped="0">
  <testcase classname="test.crossbrowser" name="VerifyingOrdersPage" time="10.357"/>
  <system-out/>
  <testcase classname="test.crossbrowser" name="VerifyingHoldingsPage" time="21.438"/>
  <system-out/>
  <testcase classname="test.crossbrowser" name="VerifyingOrdersPage" time="11.238"/>
  <system-out/>
  <testcase classname="test.crossbrowser" name="VerifyingPositionsPage" time="12.528"/>
  <system-out/>
  <testcase classname="test.crossbrowser" name="VerifyingPositionsPage" time="10.803"/>
  <system-out/>
  <testcase classname="test.crossbrowser" name="VerifyingHoldingsPage" time="24.923"/>
  <system-out/>
</testsuite> <!-- test.crossbrowser -->
