<?xml version="1.0" encoding="UTF-8"?>
<!-- Generated by org.testng.reporters.JUnitReportReporter -->
<testsuite hostname="shubham-PC" failures="0" tests="8" name="test.Test2" time="93.403" errors="0" timestamp="2022-07-20T00:39:19 IST" skipped="1">
  <testcase classname="test.Test2" name="VerifyingPositionsPage" time="12.667"/>
  <system-out/>
  <testcase classname="test.Test2" name="VerifyingHoldingsPage" time="11.819"/>
  <system-out/>
  <testcase classname="test.Test2" name="VerifyingFundsPage" time="18.087"/>
  <system-out/>
  <testcase classname="test.Test2" name="VerifyingSensex" time="12.765"/>
  <system-out/>
  <testcase classname="test.Test2" name="VerifyingOrdersPage" time="11.862"/>
  <system-out/>
  <testcase classname="test.Test2" name="VerifyingOrdersPage" time="12.660"/>
  <system-out/>
  <testcase classname="test.Test2" name="VerifyingSensex" time="13.543"/>
  <system-out/>
  <testcase classname="test.Test2" name="VerifyingAppsPage">
    <skipped/>
  </testcase> <!-- VerifyingAppsPage -->
  <system-out/>
</testsuite> <!-- test.Test2 -->
