<?xml version="1.0" encoding="UTF-8"?>
<!-- Generated by org.testng.reporters.JUnitReportReporter -->
<testsuite hostname="shubham-PC" failures="0" tests="1" name="assertion.basic" time="44.407" errors="0" timestamp="2022-07-20T20:25:33 IST" skipped="0">
  <testcase classname="assertion.basic" name="titletest" time="44.407"/>
  <system-out/>
</testsuite> <!-- assertion.basic -->
