<?xml version="1.0" encoding="UTF-8"?>
<!-- Generated by org.testng.reporters.JUnitReportReporter -->
<testsuite hostname="shubham-PC" failures="0" tests="1" name="assertion.Softassert1" time="24.478" errors="0" timestamp="2022-07-20T21:29:32 IST" skipped="0">
  <testcase classname="assertion.Softassert1" name="softchiku" time="24.478"/>
  <system-out/>
</testsuite> <!-- assertion.Softassert1 -->
